<?xml version="1.0" encoding="UTF-8"?>
<!-- Generated by org.testng.reporters.JUnitReportReporter -->
<testsuite hostname="DEVASENAN" failures="0" tests="2" name="Zouktest.LoginTest" time="86.737" errors="0" timestamp="2024-01-24T12:33:05 IST" skipped="0">
  <testcase classname="Zouktest.LoginTest" name="loginverify" time="86.687"/>
  <system-out/>
  <testcase classname="Zouktest.LoginTest" name="Logintextverification" time="0.050"/>
  <system-out/>
</testsuite> <!-- Zouktest.LoginTest -->
