<?xml version="1.0" encoding="UTF-8"?>
<!-- Generated by org.testng.reporters.JUnitReportReporter -->
<testsuite hostname="DEVASENAN" failures="0" tests="1" name="Zouktest.SearchbarTest" time="62.472" errors="0" timestamp="2024-02-15T18:15:29 IST" skipped="0">
  <testcase classname="Zouktest.SearchbarTest" name="Searchbarvisible" time="62.472"/>
  <system-out/>
</testsuite> <!-- Zouktest.SearchbarTest -->
