<?xml version="1.0" encoding="UTF-8"?>
<!-- Generated by org.testng.reporters.JUnitReportReporter -->
<testsuite hostname="DEVASENAN" failures="0" tests="1" name="Zouktest.Putcarttest" time="28.792" errors="0" timestamp="2024-01-18T16:00:17 IST" skipped="0">
  <testcase classname="Zouktest.Putcarttest" name="Addtocart" time="28.792"/>
  <system-out/>
</testsuite> <!-- Zouktest.Putcarttest -->
