<?xml version="1.0" encoding="UTF-8"?>
<!-- Generated by org.testng.reporters.JUnitReportReporter -->
<testsuite hostname="DEVASENAN" failures="0" tests="3" name="Zouktest.CrossBrowserTest" time="49.163" errors="0" timestamp="2024-02-03T15:31:19 IST" skipped="0">
  <testcase classname="Zouktest.CrossBrowserTest" name="test" time="22.670"/>
  <system-out/>
  <testcase classname="Zouktest.CrossBrowserTest" name="test" time="13.443"/>
  <system-out/>
  <testcase classname="Zouktest.CrossBrowserTest" name="test" time="13.050"/>
  <system-out/>
</testsuite> <!-- Zouktest.CrossBrowserTest -->
